22.12.20 09:33:01.668	================================================================================
22.12.20 09:33:01.670	Trace Log for tempworkflowserver.workflowserverservice.exe is started
22.12.20 09:33:01.670	================================================================================
22.12.20 09:33:01.670	System Environment
	OS Version: Microsoft Windows NT 6.2.9200.0
	.Net Framework Versions: v4.0.30319
	CLR Version: 4.0.30319.42000
	eXpressApp Version: 20.2.4.0
	eXpressApp File Version: 20.2.4.0

Application config

22.12.20 09:33:43.526	================================================================================
22.12.20 09:33:43.527	Trace Log for tempworkflowserver.workflowserverservice.exe is started
22.12.20 09:33:43.527	================================================================================
22.12.20 09:33:43.528	System Environment
	OS Version: Microsoft Windows NT 6.2.9200.0
	.Net Framework Versions: v4.0.30319
	CLR Version: 4.0.30319.42000
	eXpressApp Version: 20.2.4.0
	eXpressApp File Version: 20.2.4.0

Application config

22.12.20 09:37:06.375	================================================================================
22.12.20 09:37:06.376	Trace Log for tempworkflowserver.workflowserverservice.exe is started
22.12.20 09:37:06.376	================================================================================
22.12.20 09:37:06.376	System Environment
	OS Version: Microsoft Windows NT 6.2.9200.0
	.Net Framework Versions: v4.0.30319
	CLR Version: 4.0.30319.42000
	eXpressApp Version: 20.2.4.0
	eXpressApp File Version: 20.2.4.0

Application config

22.12.20 09:41:13.862	================================================================================
22.12.20 09:41:13.863	Trace Log for tempworkflowserver.workflowserverservice.exe is started
22.12.20 09:41:13.863	================================================================================
22.12.20 09:41:13.864	System Environment
	OS Version: Microsoft Windows NT 6.2.9200.0
	.Net Framework Versions: v4.0.30319
	CLR Version: 4.0.30319.42000
	eXpressApp Version: 20.2.4.0
	eXpressApp File Version: 20.2.4.0

Application config

22.12.20 09:41:19.645	================================================================================
22.12.20 09:41:19.645	Trace Log for tempworkflowserver.workflowserverservice.exe is started
22.12.20 09:41:19.645	================================================================================
22.12.20 09:41:19.646	System Environment
	OS Version: Microsoft Windows NT 6.2.9200.0
	.Net Framework Versions: v4.0.30319
	CLR Version: 4.0.30319.42000
	eXpressApp Version: 20.2.4.0
	eXpressApp File Version: 20.2.4.0

Application config

22.12.20 09:42:45.080	================================================================================
22.12.20 09:42:45.081	Trace Log for tempworkflowserver.workflowserverservice.exe is started
22.12.20 09:42:45.081	================================================================================
22.12.20 09:42:45.081	System Environment
	OS Version: Microsoft Windows NT 6.2.9200.0
	.Net Framework Versions: v4.0.30319
	CLR Version: 4.0.30319.42000
	eXpressApp Version: 20.2.4.0
	eXpressApp File Version: 20.2.4.0

Application config

22.12.20 09:42:55.519	================================================================================
22.12.20 09:42:55.520	Trace Log for tempworkflowserver.workflowserverservice.exe is started
22.12.20 09:42:55.520	================================================================================
22.12.20 09:42:55.520	System Environment
	OS Version: Microsoft Windows NT 6.2.9200.0
	.Net Framework Versions: v4.0.30319
	CLR Version: 4.0.30319.42000
	eXpressApp Version: 20.2.4.0
	eXpressApp File Version: 20.2.4.0

Application config

